2024-05-23 17:25:58.602 [info] Log level: Info
2024-05-23 17:25:58.602 [info] Validating found git in: "git"
2024-05-23 17:25:58.602 [info] Using git "2.45.1" from "git"
2024-05-23 17:25:58.602 [info] > git rev-parse --show-toplevel [7ms]
2024-05-23 17:25:58.602 [info] fatal: not a git repository (or any parent up to mount point /)
Stopping at filesystem boundary (GIT_DISCOVERY_ACROSS_FILESYSTEM not set).
2024-05-23 17:25:58.602 [info] > git rev-parse --show-toplevel [1ms]
2024-05-23 17:25:58.602 [info] fatal: not a git repository (or any parent up to mount point /)
Stopping at filesystem boundary (GIT_DISCOVERY_ACROSS_FILESYSTEM not set).
2024-05-23 17:25:58.604 [info] > git rev-parse --show-toplevel [1ms]
2024-05-23 17:25:58.604 [info] fatal: not a git repository (or any parent up to mount point /)
Stopping at filesystem boundary (GIT_DISCOVERY_ACROSS_FILESYSTEM not set).
2024-05-23 17:25:58.605 [info] > git rev-parse --show-toplevel [0ms]
2024-05-23 17:25:58.605 [info] fatal: not a git repository (or any parent up to mount point /)
Stopping at filesystem boundary (GIT_DISCOVERY_ACROSS_FILESYSTEM not set).
2024-05-23 17:25:58.607 [info] > git rev-parse --show-toplevel [0ms]
2024-05-23 17:25:58.607 [info] fatal: not a git repository (or any parent up to mount point /)
Stopping at filesystem boundary (GIT_DISCOVERY_ACROSS_FILESYSTEM not set).
2024-05-23 17:25:58.609 [info] > git rev-parse --show-toplevel [0ms]
2024-05-23 17:25:58.609 [info] fatal: not a git repository (or any parent up to mount point /)
Stopping at filesystem boundary (GIT_DISCOVERY_ACROSS_FILESYSTEM not set).
2024-05-23 17:25:58.611 [info] > git rev-parse --show-toplevel [0ms]
2024-05-23 17:25:58.611 [info] fatal: not a git repository (or any parent up to mount point /)
Stopping at filesystem boundary (GIT_DISCOVERY_ACROSS_FILESYSTEM not set).
2024-05-23 17:25:58.613 [info] > git rev-parse --show-toplevel [1ms]
2024-05-23 17:25:58.613 [info] fatal: not a git repository (or any parent up to mount point /)
Stopping at filesystem boundary (GIT_DISCOVERY_ACROSS_FILESYSTEM not set).
2024-05-23 17:25:58.615 [info] > git rev-parse --show-toplevel [1ms]
2024-05-23 17:25:58.615 [info] fatal: not a git repository (or any parent up to mount point /)
Stopping at filesystem boundary (GIT_DISCOVERY_ACROSS_FILESYSTEM not set).
2024-05-23 17:25:58.617 [info] > git rev-parse --show-toplevel [1ms]
2024-05-23 17:25:58.617 [info] fatal: not a git repository (or any parent up to mount point /)
Stopping at filesystem boundary (GIT_DISCOVERY_ACROSS_FILESYSTEM not set).
2024-05-23 17:25:58.619 [info] > git rev-parse --show-toplevel [1ms]
2024-05-23 17:25:58.619 [info] fatal: not a git repository (or any parent up to mount point /)
Stopping at filesystem boundary (GIT_DISCOVERY_ACROSS_FILESYSTEM not set).
2024-05-23 17:25:58.620 [info] > git rev-parse --show-toplevel [0ms]
2024-05-23 17:25:58.620 [info] fatal: not a git repository (or any parent up to mount point /)
Stopping at filesystem boundary (GIT_DISCOVERY_ACROSS_FILESYSTEM not set).
2024-05-23 17:25:58.675 [info] > git rev-parse --show-toplevel [0ms]
2024-05-23 17:25:58.675 [info] fatal: not a git repository (or any parent up to mount point /)
Stopping at filesystem boundary (GIT_DISCOVERY_ACROSS_FILESYSTEM not set).
2024-05-23 17:25:58.718 [info] > git rev-parse --show-toplevel [1ms]
2024-05-23 17:25:58.718 [info] fatal: not a git repository (or any parent up to mount point /)
Stopping at filesystem boundary (GIT_DISCOVERY_ACROSS_FILESYSTEM not set).
2024-05-23 17:25:58.762 [info] > git rev-parse --show-toplevel [1ms]
2024-05-23 17:25:58.762 [info] fatal: not a git repository (or any parent up to mount point /)
Stopping at filesystem boundary (GIT_DISCOVERY_ACROSS_FILESYSTEM not set).
2024-05-23 17:26:34.259 [info] > git rev-parse --show-toplevel [1ms]
2024-05-23 17:26:34.259 [info] fatal: not a git repository (or any parent up to mount point /)
Stopping at filesystem boundary (GIT_DISCOVERY_ACROSS_FILESYSTEM not set).
2024-05-23 17:26:36.685 [info] > git rev-parse --show-toplevel [1ms]
2024-05-23 17:26:36.685 [info] fatal: not a git repository (or any parent up to mount point /)
Stopping at filesystem boundary (GIT_DISCOVERY_ACROSS_FILESYSTEM not set).
2024-05-23 17:26:47.321 [info] > git rev-parse --show-toplevel [0ms]
2024-05-23 17:26:47.321 [info] fatal: not a git repository (or any parent up to mount point /)
Stopping at filesystem boundary (GIT_DISCOVERY_ACROSS_FILESYSTEM not set).
2024-05-23 17:29:19.774 [info] > git rev-parse --show-toplevel [1ms]
2024-05-23 17:29:19.774 [info] fatal: not a git repository (or any parent up to mount point /)
Stopping at filesystem boundary (GIT_DISCOVERY_ACROSS_FILESYSTEM not set).
2024-05-23 17:30:17.056 [info] > git rev-parse --show-toplevel [1ms]
2024-05-23 17:30:17.056 [info] fatal: not a git repository (or any parent up to mount point /)
Stopping at filesystem boundary (GIT_DISCOVERY_ACROSS_FILESYSTEM not set).
