2024-05-23 17:17:05.072 [info] Log level: Info
2024-05-23 17:17:05.072 [info] Validating found git in: "git"
2024-05-23 17:17:05.072 [info] Using git "2.45.1" from "git"
2024-05-23 17:17:05.072 [info] > git rev-parse --show-toplevel [2ms]
2024-05-23 17:17:05.072 [info] fatal: not a git repository (or any parent up to mount point /)
Stopping at filesystem boundary (GIT_DISCOVERY_ACROSS_FILESYSTEM not set).
2024-05-23 17:17:05.072 [info] > git rev-parse --show-toplevel [6ms]
2024-05-23 17:17:05.072 [info] fatal: not a git repository (or any parent up to mount point /)
Stopping at filesystem boundary (GIT_DISCOVERY_ACROSS_FILESYSTEM not set).
2024-05-23 17:17:05.072 [info] > git rev-parse --show-toplevel [0ms]
2024-05-23 17:17:05.072 [info] fatal: not a git repository (or any parent up to mount point /)
Stopping at filesystem boundary (GIT_DISCOVERY_ACROSS_FILESYSTEM not set).
2024-05-23 17:17:05.074 [info] > git rev-parse --show-toplevel [1ms]
2024-05-23 17:17:05.074 [info] fatal: not a git repository (or any parent up to mount point /)
Stopping at filesystem boundary (GIT_DISCOVERY_ACROSS_FILESYSTEM not set).
2024-05-23 17:17:05.075 [info] > git rev-parse --show-toplevel [0ms]
2024-05-23 17:17:05.075 [info] fatal: not a git repository (or any parent up to mount point /)
Stopping at filesystem boundary (GIT_DISCOVERY_ACROSS_FILESYSTEM not set).
2024-05-23 17:17:05.077 [info] > git rev-parse --show-toplevel [0ms]
2024-05-23 17:17:05.077 [info] fatal: not a git repository (or any parent up to mount point /)
Stopping at filesystem boundary (GIT_DISCOVERY_ACROSS_FILESYSTEM not set).
2024-05-23 17:17:05.081 [info] > git rev-parse --show-toplevel [3ms]
2024-05-23 17:17:05.081 [info] fatal: not a git repository (or any parent up to mount point /)
Stopping at filesystem boundary (GIT_DISCOVERY_ACROSS_FILESYSTEM not set).
2024-05-23 17:17:05.083 [info] > git rev-parse --show-toplevel [1ms]
2024-05-23 17:17:05.083 [info] fatal: not a git repository (or any parent up to mount point /)
Stopping at filesystem boundary (GIT_DISCOVERY_ACROSS_FILESYSTEM not set).
2024-05-23 17:17:05.084 [info] > git rev-parse --show-toplevel [0ms]
2024-05-23 17:17:05.084 [info] fatal: not a git repository (or any parent up to mount point /)
Stopping at filesystem boundary (GIT_DISCOVERY_ACROSS_FILESYSTEM not set).
2024-05-23 17:17:05.086 [info] > git rev-parse --show-toplevel [0ms]
2024-05-23 17:17:05.086 [info] fatal: not a git repository (or any parent up to mount point /)
Stopping at filesystem boundary (GIT_DISCOVERY_ACROSS_FILESYSTEM not set).
2024-05-23 17:17:05.088 [info] > git rev-parse --show-toplevel [1ms]
2024-05-23 17:17:05.088 [info] fatal: not a git repository (or any parent up to mount point /)
Stopping at filesystem boundary (GIT_DISCOVERY_ACROSS_FILESYSTEM not set).
2024-05-23 17:17:05.092 [info] > git rev-parse --show-toplevel [1ms]
2024-05-23 17:17:05.092 [info] fatal: not a git repository (or any parent up to mount point /)
Stopping at filesystem boundary (GIT_DISCOVERY_ACROSS_FILESYSTEM not set).
2024-05-23 17:17:05.094 [info] > git rev-parse --show-toplevel [0ms]
2024-05-23 17:17:05.094 [info] fatal: not a git repository (or any parent up to mount point /)
Stopping at filesystem boundary (GIT_DISCOVERY_ACROSS_FILESYSTEM not set).
2024-05-23 17:17:06.875 [info] > git rev-parse --show-toplevel [1ms]
2024-05-23 17:17:06.875 [info] fatal: not a git repository (or any parent up to mount point /)
Stopping at filesystem boundary (GIT_DISCOVERY_ACROSS_FILESYSTEM not set).
2024-05-23 17:17:06.892 [info] > git rev-parse --show-toplevel [0ms]
2024-05-23 17:17:06.892 [info] fatal: not a git repository (or any parent up to mount point /)
Stopping at filesystem boundary (GIT_DISCOVERY_ACROSS_FILESYSTEM not set).
2024-05-23 17:17:06.954 [info] > git rev-parse --show-toplevel [1ms]
2024-05-23 17:17:06.954 [info] fatal: not a git repository (or any parent up to mount point /)
Stopping at filesystem boundary (GIT_DISCOVERY_ACROSS_FILESYSTEM not set).
2024-05-23 17:17:15.127 [info] > git rev-parse --show-toplevel [1ms]
2024-05-23 17:17:15.127 [info] fatal: not a git repository (or any parent up to mount point /)
Stopping at filesystem boundary (GIT_DISCOVERY_ACROSS_FILESYSTEM not set).
2024-05-23 17:19:00.797 [info] > git rev-parse --show-toplevel [2ms]
2024-05-23 17:19:00.797 [info] fatal: not a git repository (or any parent up to mount point /)
Stopping at filesystem boundary (GIT_DISCOVERY_ACROSS_FILESYSTEM not set).
2024-05-23 17:19:00.842 [info] > git rev-parse --show-toplevel [1ms]
2024-05-23 17:19:00.842 [info] fatal: not a git repository (or any parent up to mount point /)
Stopping at filesystem boundary (GIT_DISCOVERY_ACROSS_FILESYSTEM not set).
2024-05-23 17:20:07.315 [info] > git rev-parse --show-toplevel [1ms]
2024-05-23 17:20:07.315 [info] fatal: not a git repository (or any parent up to mount point /)
Stopping at filesystem boundary (GIT_DISCOVERY_ACROSS_FILESYSTEM not set).
