2024-05-23 17:20:10.641 [info] Log level: Info
2024-05-23 17:20:10.641 [info] Validating found git in: "git"
2024-05-23 17:20:10.641 [info] Using git "2.45.1" from "git"
2024-05-23 17:20:10.641 [info] > git rev-parse --show-toplevel [2ms]
2024-05-23 17:20:10.641 [info] fatal: not a git repository (or any parent up to mount point /)
Stopping at filesystem boundary (GIT_DISCOVERY_ACROSS_FILESYSTEM not set).
2024-05-23 17:20:10.641 [info] > git rev-parse --show-toplevel [4ms]
2024-05-23 17:20:10.641 [info] fatal: not a git repository (or any parent up to mount point /)
Stopping at filesystem boundary (GIT_DISCOVERY_ACROSS_FILESYSTEM not set).
2024-05-23 17:20:10.641 [info] > git rev-parse --show-toplevel [0ms]
2024-05-23 17:20:10.641 [info] fatal: not a git repository (or any parent up to mount point /)
Stopping at filesystem boundary (GIT_DISCOVERY_ACROSS_FILESYSTEM not set).
2024-05-23 17:20:10.643 [info] > git rev-parse --show-toplevel [0ms]
2024-05-23 17:20:10.643 [info] fatal: not a git repository (or any parent up to mount point /)
Stopping at filesystem boundary (GIT_DISCOVERY_ACROSS_FILESYSTEM not set).
2024-05-23 17:20:10.645 [info] > git rev-parse --show-toplevel [0ms]
2024-05-23 17:20:10.645 [info] fatal: not a git repository (or any parent up to mount point /)
Stopping at filesystem boundary (GIT_DISCOVERY_ACROSS_FILESYSTEM not set).
2024-05-23 17:20:10.647 [info] > git rev-parse --show-toplevel [0ms]
2024-05-23 17:20:10.647 [info] fatal: not a git repository (or any parent up to mount point /)
Stopping at filesystem boundary (GIT_DISCOVERY_ACROSS_FILESYSTEM not set).
2024-05-23 17:20:10.651 [info] > git rev-parse --show-toplevel [3ms]
2024-05-23 17:20:10.651 [info] fatal: not a git repository (or any parent up to mount point /)
Stopping at filesystem boundary (GIT_DISCOVERY_ACROSS_FILESYSTEM not set).
2024-05-23 17:20:10.653 [info] > git rev-parse --show-toplevel [1ms]
2024-05-23 17:20:10.653 [info] fatal: not a git repository (or any parent up to mount point /)
Stopping at filesystem boundary (GIT_DISCOVERY_ACROSS_FILESYSTEM not set).
2024-05-23 17:20:10.656 [info] > git rev-parse --show-toplevel [0ms]
2024-05-23 17:20:10.656 [info] fatal: not a git repository (or any parent up to mount point /)
Stopping at filesystem boundary (GIT_DISCOVERY_ACROSS_FILESYSTEM not set).
2024-05-23 17:20:10.658 [info] > git rev-parse --show-toplevel [1ms]
2024-05-23 17:20:10.658 [info] fatal: not a git repository (or any parent up to mount point /)
Stopping at filesystem boundary (GIT_DISCOVERY_ACROSS_FILESYSTEM not set).
2024-05-23 17:20:10.661 [info] > git rev-parse --show-toplevel [2ms]
2024-05-23 17:20:10.661 [info] fatal: not a git repository (or any parent up to mount point /)
Stopping at filesystem boundary (GIT_DISCOVERY_ACROSS_FILESYSTEM not set).
2024-05-23 17:20:10.664 [info] > git rev-parse --show-toplevel [1ms]
2024-05-23 17:20:10.664 [info] fatal: not a git repository (or any parent up to mount point /)
Stopping at filesystem boundary (GIT_DISCOVERY_ACROSS_FILESYSTEM not set).
2024-05-23 17:20:10.666 [info] > git rev-parse --show-toplevel [1ms]
2024-05-23 17:20:10.666 [info] fatal: not a git repository (or any parent up to mount point /)
Stopping at filesystem boundary (GIT_DISCOVERY_ACROSS_FILESYSTEM not set).
2024-05-23 17:20:12.438 [info] > git rev-parse --show-toplevel [1ms]
2024-05-23 17:20:12.438 [info] fatal: not a git repository (or any parent up to mount point /)
Stopping at filesystem boundary (GIT_DISCOVERY_ACROSS_FILESYSTEM not set).
2024-05-23 17:20:12.456 [info] > git rev-parse --show-toplevel [1ms]
2024-05-23 17:20:12.456 [info] fatal: not a git repository (or any parent up to mount point /)
Stopping at filesystem boundary (GIT_DISCOVERY_ACROSS_FILESYSTEM not set).
2024-05-23 17:20:12.516 [info] > git rev-parse --show-toplevel [1ms]
2024-05-23 17:20:12.516 [info] fatal: not a git repository (or any parent up to mount point /)
Stopping at filesystem boundary (GIT_DISCOVERY_ACROSS_FILESYSTEM not set).
2024-05-23 17:22:30.216 [info] > git rev-parse --show-toplevel [1ms]
2024-05-23 17:22:30.216 [info] fatal: not a git repository (or any parent up to mount point /)
Stopping at filesystem boundary (GIT_DISCOVERY_ACROSS_FILESYSTEM not set).
2024-05-23 17:22:37.767 [info] > git rev-parse --show-toplevel [0ms]
2024-05-23 17:22:37.767 [info] fatal: not a git repository (or any parent up to mount point /)
Stopping at filesystem boundary (GIT_DISCOVERY_ACROSS_FILESYSTEM not set).
2024-05-23 17:22:39.627 [info] > git rev-parse --show-toplevel [1ms]
2024-05-23 17:22:39.627 [info] fatal: not a git repository (or any parent up to mount point /)
Stopping at filesystem boundary (GIT_DISCOVERY_ACROSS_FILESYSTEM not set).
2024-05-23 17:22:41.852 [info] > git rev-parse --show-toplevel [1ms]
2024-05-23 17:22:41.852 [info] fatal: not a git repository (or any parent up to mount point /)
Stopping at filesystem boundary (GIT_DISCOVERY_ACROSS_FILESYSTEM not set).
2024-05-23 17:22:45.156 [info] > git rev-parse --show-toplevel [0ms]
2024-05-23 17:22:45.156 [info] fatal: not a git repository (or any parent up to mount point /)
Stopping at filesystem boundary (GIT_DISCOVERY_ACROSS_FILESYSTEM not set).
2024-05-23 17:22:45.771 [info] > git rev-parse --show-toplevel [1ms]
2024-05-23 17:22:45.771 [info] fatal: not a git repository (or any parent up to mount point /)
Stopping at filesystem boundary (GIT_DISCOVERY_ACROSS_FILESYSTEM not set).
2024-05-23 17:23:01.219 [info] > git rev-parse --show-toplevel [1ms]
2024-05-23 17:23:01.219 [info] fatal: not a git repository (or any parent up to mount point /)
Stopping at filesystem boundary (GIT_DISCOVERY_ACROSS_FILESYSTEM not set).
2024-05-23 17:23:54.462 [info] > git rev-parse --show-toplevel [1ms]
2024-05-23 17:23:54.462 [info] fatal: not a git repository (or any parent up to mount point /)
Stopping at filesystem boundary (GIT_DISCOVERY_ACROSS_FILESYSTEM not set).
2024-05-23 17:25:03.942 [info] > git rev-parse --show-toplevel [1ms]
2024-05-23 17:25:03.942 [info] fatal: not a git repository (or any parent up to mount point /)
Stopping at filesystem boundary (GIT_DISCOVERY_ACROSS_FILESYSTEM not set).
2024-05-23 17:25:15.243 [info] > git rev-parse --show-toplevel [0ms]
2024-05-23 17:25:15.243 [info] fatal: not a git repository (or any parent up to mount point /)
Stopping at filesystem boundary (GIT_DISCOVERY_ACROSS_FILESYSTEM not set).
2024-05-23 17:25:17.532 [info] > git rev-parse --show-toplevel [1ms]
2024-05-23 17:25:17.532 [info] fatal: not a git repository (or any parent up to mount point /)
Stopping at filesystem boundary (GIT_DISCOVERY_ACROSS_FILESYSTEM not set).
2024-05-23 17:25:40.976 [info] > git rev-parse --show-toplevel [1ms]
2024-05-23 17:25:40.976 [info] fatal: not a git repository (or any parent up to mount point /)
Stopping at filesystem boundary (GIT_DISCOVERY_ACROSS_FILESYSTEM not set).
2024-05-23 17:25:46.459 [info] > git rev-parse --show-toplevel [1ms]
2024-05-23 17:25:46.459 [info] fatal: not a git repository (or any parent up to mount point /)
Stopping at filesystem boundary (GIT_DISCOVERY_ACROSS_FILESYSTEM not set).
2024-05-23 17:25:51.460 [info] > git rev-parse --show-toplevel [1ms]
2024-05-23 17:25:51.460 [info] fatal: not a git repository (or any parent up to mount point /)
Stopping at filesystem boundary (GIT_DISCOVERY_ACROSS_FILESYSTEM not set).
2024-05-23 17:25:51.914 [info] > git rev-parse --show-toplevel [1ms]
2024-05-23 17:25:51.914 [info] fatal: not a git repository (or any parent up to mount point /)
Stopping at filesystem boundary (GIT_DISCOVERY_ACROSS_FILESYSTEM not set).
