2024-05-22 17:11:40.644 [info] Log level: Info
2024-05-22 17:11:40.644 [info] Validating found git in: "git"
2024-05-22 17:11:40.644 [info] Using git "2.45.1" from "git"
2024-05-22 17:11:40.644 [info] > git rev-parse --show-toplevel [1ms]
2024-05-22 17:11:40.644 [info] fatal: not a git repository (or any parent up to mount point /)
Stopping at filesystem boundary (GIT_DISCOVERY_ACROSS_FILESYSTEM not set).
2024-05-22 17:11:40.644 [info] > git rev-parse --show-toplevel [1ms]
2024-05-22 17:11:40.644 [info] fatal: not a git repository (or any parent up to mount point /)
Stopping at filesystem boundary (GIT_DISCOVERY_ACROSS_FILESYSTEM not set).
2024-05-22 17:11:40.645 [info] > git rev-parse --show-toplevel [1ms]
2024-05-22 17:11:40.645 [info] fatal: not a git repository (or any parent up to mount point /)
Stopping at filesystem boundary (GIT_DISCOVERY_ACROSS_FILESYSTEM not set).
2024-05-22 17:11:40.647 [info] > git rev-parse --show-toplevel [1ms]
2024-05-22 17:11:40.647 [info] fatal: not a git repository (or any parent up to mount point /)
Stopping at filesystem boundary (GIT_DISCOVERY_ACROSS_FILESYSTEM not set).
2024-05-22 17:11:40.649 [info] > git rev-parse --show-toplevel [1ms]
2024-05-22 17:11:40.649 [info] fatal: not a git repository (or any parent up to mount point /)
Stopping at filesystem boundary (GIT_DISCOVERY_ACROSS_FILESYSTEM not set).
2024-05-22 17:11:40.652 [info] > git rev-parse --show-toplevel [2ms]
2024-05-22 17:11:40.652 [info] fatal: not a git repository (or any parent up to mount point /)
Stopping at filesystem boundary (GIT_DISCOVERY_ACROSS_FILESYSTEM not set).
2024-05-22 17:11:40.654 [info] > git rev-parse --show-toplevel [1ms]
2024-05-22 17:11:40.654 [info] fatal: not a git repository (or any parent up to mount point /)
Stopping at filesystem boundary (GIT_DISCOVERY_ACROSS_FILESYSTEM not set).
2024-05-22 17:11:40.655 [info] > git rev-parse --show-toplevel [0ms]
2024-05-22 17:11:40.655 [info] fatal: not a git repository (or any parent up to mount point /)
Stopping at filesystem boundary (GIT_DISCOVERY_ACROSS_FILESYSTEM not set).
2024-05-22 17:11:40.657 [info] > git rev-parse --show-toplevel [0ms]
2024-05-22 17:11:40.657 [info] fatal: not a git repository (or any parent up to mount point /)
Stopping at filesystem boundary (GIT_DISCOVERY_ACROSS_FILESYSTEM not set).
2024-05-22 17:11:40.659 [info] > git rev-parse --show-toplevel [0ms]
2024-05-22 17:11:40.659 [info] fatal: not a git repository (or any parent up to mount point /)
Stopping at filesystem boundary (GIT_DISCOVERY_ACROSS_FILESYSTEM not set).
2024-05-22 17:11:41.368 [info] > git rev-parse --show-toplevel [0ms]
2024-05-22 17:11:41.368 [info] fatal: not a git repository (or any parent up to mount point /)
Stopping at filesystem boundary (GIT_DISCOVERY_ACROSS_FILESYSTEM not set).
2024-05-22 17:12:21.296 [info] > git rev-parse --show-toplevel [1ms]
2024-05-22 17:12:21.296 [info] fatal: not a git repository (or any parent up to mount point /)
Stopping at filesystem boundary (GIT_DISCOVERY_ACROSS_FILESYSTEM not set).
2024-05-22 17:14:33.119 [info] > git rev-parse --show-toplevel [1ms]
2024-05-22 17:14:33.119 [info] fatal: not a git repository (or any parent up to mount point /)
Stopping at filesystem boundary (GIT_DISCOVERY_ACROSS_FILESYSTEM not set).
2024-05-22 17:14:40.270 [info] > git rev-parse --show-toplevel [0ms]
2024-05-22 17:14:40.270 [info] fatal: not a git repository (or any parent up to mount point /)
Stopping at filesystem boundary (GIT_DISCOVERY_ACROSS_FILESYSTEM not set).
2024-05-22 17:14:52.933 [info] > git rev-parse --show-toplevel [2ms]
2024-05-22 17:14:52.933 [info] fatal: not a git repository (or any parent up to mount point /)
Stopping at filesystem boundary (GIT_DISCOVERY_ACROSS_FILESYSTEM not set).
2024-05-22 17:15:26.504 [info] > git rev-parse --show-toplevel [0ms]
2024-05-22 17:15:26.505 [info] fatal: not a git repository (or any parent up to mount point /)
Stopping at filesystem boundary (GIT_DISCOVERY_ACROSS_FILESYSTEM not set).
2024-05-22 17:15:29.933 [info] > git rev-parse --show-toplevel [1ms]
2024-05-22 17:15:29.933 [info] fatal: not a git repository (or any parent up to mount point /)
Stopping at filesystem boundary (GIT_DISCOVERY_ACROSS_FILESYSTEM not set).
2024-05-22 17:15:34.364 [info] > git rev-parse --show-toplevel [1ms]
2024-05-22 17:15:34.364 [info] fatal: not a git repository (or any parent up to mount point /)
Stopping at filesystem boundary (GIT_DISCOVERY_ACROSS_FILESYSTEM not set).
2024-05-22 17:15:36.873 [info] > git rev-parse --show-toplevel [1ms]
2024-05-22 17:15:36.873 [info] fatal: not a git repository (or any parent up to mount point /)
Stopping at filesystem boundary (GIT_DISCOVERY_ACROSS_FILESYSTEM not set).
