2024-05-23T17:15:51.346Z 0: 

----------------------------------------------
2024-05-23T17:15:51.353Z 1: Discord starting: {"releaseChannel":"stable","version":"0.0.54"}, modulepath: /home/narrow/.config/discord/0.0.54/modules
2024-05-23T17:15:51.354Z 2: ✅ webContents.created web1 ""
2024-05-23T17:15:51.356Z 3: ✅ window.created win1 "discord"
2024-05-23T17:15:51.520Z 4: ✅ webContents.did-finish-load web1
2024-05-23T17:16:01.140Z 5: ✅ webContents.created web2 ""
2024-05-23T17:16:01.142Z 6: ✅ window.created win2 "Discord"
2024-05-23T17:16:02.265Z 7: ✅ webContents.did-finish-load web2
2024-05-23T17:16:02.365Z 8: window.close win1
2024-05-23T17:16:02.370Z 9: webContents.destroyed web1
2024-05-23T17:16:02.372Z 10: window.closed win1
2024-05-23T19:22:48.480Z 0: 

----------------------------------------------
2024-05-23T19:22:48.488Z 1: Discord starting: {"releaseChannel":"stable","version":"0.0.54"}, modulepath: /home/narrow/.config/discord/0.0.54/modules
2024-05-23T19:22:48.493Z 2: ✅ webContents.created web1 ""
2024-05-23T19:22:48.495Z 3: ✅ window.created win1 "discord"
2024-05-23T19:22:48.665Z 4: ✅ webContents.did-finish-load web1
2024-05-23T19:22:49.004Z 5: ✅ webContents.created web2 ""
2024-05-23T19:22:49.006Z 6: ✅ window.created win2 "Discord"
2024-05-23T19:22:50.891Z 7: ✅ webContents.did-finish-load web2
2024-05-23T19:22:50.992Z 8: window.close win1
2024-05-23T19:22:51.004Z 9: webContents.destroyed web1
2024-05-23T19:22:51.006Z 10: window.closed win1
2024-05-23T19:25:13.981Z 0: 

----------------------------------------------
2024-05-23T19:25:13.988Z 1: Discord starting: {"releaseChannel":"stable","version":"0.0.54"}, modulepath: /home/narrow/.config/discord/0.0.54/modules
2024-05-23T19:25:13.995Z 2: ✅ webContents.created web1 ""
2024-05-23T19:25:13.997Z 3: ✅ window.created win1 "discord"
2024-05-23T19:25:14.138Z 4: ✅ webContents.did-finish-load web1
2024-05-23T19:25:14.476Z 5: ✅ webContents.created web2 ""
2024-05-23T19:25:14.478Z 6: ✅ window.created win2 "Discord"
2024-05-23T19:25:15.808Z 7: ✅ webContents.did-finish-load web2
2024-05-23T19:25:15.907Z 8: window.close win1
2024-05-23T19:25:15.920Z 9: webContents.destroyed web1
2024-05-23T19:25:15.921Z 10: window.closed win1
2024-05-23T19:26:07.308Z 0: 

----------------------------------------------
2024-05-23T19:26:07.315Z 1: Discord starting: {"releaseChannel":"stable","version":"0.0.54"}, modulepath: /home/narrow/.config/discord/0.0.54/modules
2024-05-23T19:26:07.321Z 2: ✅ webContents.created web1 ""
2024-05-23T19:26:07.322Z 3: ✅ window.created win1 "discord"
2024-05-23T19:26:07.518Z 4: ✅ webContents.did-finish-load web1
2024-05-23T19:26:07.772Z 5: ✅ webContents.created web2 ""
2024-05-23T19:26:07.774Z 6: ✅ window.created win2 "Discord"
2024-05-23T19:26:09.048Z 7: ✅ webContents.did-finish-load web2
2024-05-23T19:26:09.149Z 8: window.close win1
2024-05-23T19:26:09.165Z 9: webContents.destroyed web1
2024-05-23T19:26:09.167Z 10: window.closed win1
2024-05-23T19:29:26.982Z 0: 

----------------------------------------------
2024-05-23T19:29:26.990Z 1: Discord starting: {"releaseChannel":"stable","version":"0.0.54"}, modulepath: /home/narrow/.config/discord/0.0.54/modules
2024-05-23T19:29:26.996Z 2: ✅ webContents.created web1 ""
2024-05-23T19:29:26.997Z 3: ✅ window.created win1 "discord"
2024-05-23T19:29:27.142Z 4: ✅ webContents.did-finish-load web1
2024-05-23T19:29:27.412Z 5: ✅ webContents.created web2 ""
2024-05-23T19:29:27.417Z 6: ✅ window.created win2 "Discord"
2024-05-23T19:29:28.693Z 7: ✅ webContents.did-finish-load web2
2024-05-23T19:29:28.794Z 8: window.close win1
2024-05-23T19:29:28.815Z 9: webContents.destroyed web1
2024-05-23T19:29:28.817Z 10: window.closed win1
2024-05-23T19:33:27.723Z 0: 

----------------------------------------------
2024-05-23T19:33:27.729Z 1: Discord starting: {"releaseChannel":"stable","version":"0.0.54"}, modulepath: /home/narrow/.config/discord/0.0.54/modules
2024-05-23T19:33:27.735Z 2: ✅ webContents.created web1 ""
2024-05-23T19:33:27.736Z 3: ✅ window.created win1 "discord"
2024-05-23T19:33:27.892Z 4: ✅ webContents.did-finish-load web1
2024-05-23T19:33:28.211Z 5: ✅ webContents.created web2 ""
2024-05-23T19:33:28.214Z 6: ✅ window.created win2 "Discord"
2024-05-23T19:33:29.639Z 7: ✅ webContents.did-finish-load web2
2024-05-23T19:33:29.738Z 8: window.close win1
2024-05-23T19:33:29.754Z 9: webContents.destroyed web1
2024-05-23T19:33:29.755Z 10: window.closed win1
2024-05-23T19:51:39.515Z 0: 

----------------------------------------------
2024-05-23T19:51:39.522Z 1: Discord starting: {"releaseChannel":"stable","version":"0.0.54"}, modulepath: /home/narrow/.config/discord/0.0.54/modules
2024-05-23T19:51:39.528Z 2: ✅ webContents.created web1 ""
2024-05-23T19:51:39.529Z 3: ✅ window.created win1 "discord"
2024-05-23T19:51:39.707Z 4: ✅ webContents.did-finish-load web1
2024-05-23T19:51:39.978Z 5: ✅ webContents.created web2 ""
2024-05-23T19:51:39.981Z 6: ✅ window.created win2 "Discord"
2024-05-23T19:51:41.228Z 7: ✅ webContents.did-finish-load web2
2024-05-23T19:51:41.329Z 8: window.close win1
2024-05-23T19:51:41.344Z 9: webContents.destroyed web1
2024-05-23T19:51:41.346Z 10: window.closed win1
2024-05-23T20:54:32.618Z 11: window.close win2
2024-05-25T14:45:30.527Z 0: 

----------------------------------------------
2024-05-25T14:45:30.538Z 1: Discord starting: {"releaseChannel":"stable","version":"0.0.54"}, modulepath: /home/narrow/.config/discord/0.0.54/modules
2024-05-25T14:45:30.544Z 2: ✅ webContents.created web1 ""
2024-05-25T14:45:30.546Z 3: ✅ window.created win1 "discord"
2024-05-25T14:45:30.713Z 4: ✅ webContents.did-finish-load web1
2024-05-25T14:45:31.026Z 5: ✅ webContents.created web2 ""
2024-05-25T14:45:31.029Z 6: ✅ window.created win2 "Discord"
2024-05-25T14:45:32.954Z 7: ✅ webContents.did-finish-load web2
2024-05-25T14:45:33.054Z 8: window.close win1
2024-05-25T14:45:33.060Z 9: webContents.destroyed web1
2024-05-25T14:45:33.061Z 10: window.closed win1
2024-05-25T14:47:04.048Z 11: window.closed win2
2024-05-25T14:47:04.050Z 12: quit 0
2024-05-25T14:48:07.252Z 0: 

----------------------------------------------
2024-05-25T14:48:07.264Z 1: Discord starting: {"releaseChannel":"stable","version":"0.0.54"}, modulepath: /home/narrow/.config/discord/0.0.54/modules
2024-05-25T14:48:07.268Z 2: ✅ webContents.created web1 ""
2024-05-25T14:48:07.271Z 3: ✅ window.created win1 "discord"
2024-05-25T14:48:07.462Z 4: ✅ webContents.did-finish-load web1
2024-05-25T14:48:07.701Z 5: ✅ webContents.created web2 ""
2024-05-25T14:48:07.705Z 6: ✅ window.created win2 "Discord"
2024-05-25T14:48:08.938Z 7: ✅ webContents.did-finish-load web2
2024-05-25T14:48:09.036Z 8: window.close win1
2024-05-25T14:48:09.048Z 9: webContents.destroyed web1
2024-05-25T14:48:09.049Z 10: window.closed win1
2024-05-25T14:53:57.995Z 11: window.close win2
2024-05-25T14:59:47.733Z 12: before-quit
2024-05-25T15:01:01.858Z 0: 

----------------------------------------------
2024-05-25T15:01:01.866Z 1: Discord starting: {"releaseChannel":"stable","version":"0.0.54"}, modulepath: /home/narrow/.config/discord/0.0.54/modules
2024-05-25T15:01:01.870Z 2: ✅ webContents.created web1 ""
2024-05-25T15:01:01.872Z 3: ✅ window.created win1 "discord"
2024-05-25T15:01:02.043Z 4: ✅ webContents.did-finish-load web1
2024-05-25T15:01:02.371Z 5: ✅ webContents.created web2 ""
2024-05-25T15:01:02.375Z 6: ✅ window.created win2 "Discord"
2024-05-25T15:01:03.638Z 7: ✅ webContents.did-finish-load web2
2024-05-25T15:01:03.733Z 8: window.close win1
2024-05-25T15:01:03.748Z 9: webContents.destroyed web1
2024-05-25T15:01:03.749Z 10: window.closed win1
2024-05-25T15:02:07.778Z 11: window.close win2
2024-05-26T00:14:50.914Z 0: 

----------------------------------------------
2024-05-26T00:14:50.927Z 1: Discord starting: {"releaseChannel":"stable","version":"0.0.54"}, modulepath: /home/narrow/.config/discord/0.0.54/modules
2024-05-26T00:14:50.931Z 2: ✅ webContents.created web1 ""
2024-05-26T00:14:50.933Z 3: ✅ window.created win1 "discord"
2024-05-26T00:14:51.099Z 4: ✅ webContents.did-finish-load web1
2024-05-26T00:14:51.367Z 5: ✅ webContents.created web2 ""
2024-05-26T00:14:51.375Z 6: ✅ window.created win2 "Discord"
2024-05-26T00:14:52.881Z 7: ✅ webContents.did-finish-load web2
2024-05-26T00:14:52.979Z 8: window.close win1
2024-05-26T00:14:52.988Z 9: webContents.destroyed web1
2024-05-26T00:14:52.989Z 10: window.closed win1
2024-05-26T00:15:05.639Z 11: window.close win2
2024-05-26T00:17:12.321Z 12: before-quit
2024-05-31T19:46:04.450Z 0: 

----------------------------------------------
2024-05-31T19:46:04.461Z 1: Discord starting: {"releaseChannel":"stable","version":"0.0.54"}, modulepath: /home/narrow/.config/discord/0.0.54/modules
2024-05-31T19:46:04.466Z 2: ✅ webContents.created web1 ""
2024-05-31T19:46:04.468Z 3: ✅ window.created win1 "discord"
2024-05-31T19:46:04.619Z 4: ✅ webContents.did-finish-load web1
2024-05-31T19:46:08.869Z 5: ✅ webContents.created web2 ""
2024-05-31T19:46:08.872Z 6: ✅ window.created win2 "Discord"
2024-05-31T19:46:10.973Z 7: ✅ webContents.did-finish-load web2
2024-05-31T19:46:11.069Z 8: window.close win1
2024-05-31T19:46:11.077Z 9: webContents.destroyed web1
2024-05-31T19:46:11.078Z 10: window.closed win1
2024-06-01T13:32:09.582Z 0: 

----------------------------------------------
2024-06-01T13:32:09.592Z 1: Discord starting: {"releaseChannel":"stable","version":"0.0.54"}, modulepath: /home/narrow/.config/discord/0.0.54/modules
2024-06-01T13:32:09.596Z 2: ✅ webContents.created web1 ""
2024-06-01T13:32:09.598Z 3: ✅ window.created win1 "discord"
2024-06-01T13:32:09.829Z 4: ✅ webContents.did-finish-load web1
2024-06-01T13:32:10.119Z 5: ✅ webContents.created web2 ""
2024-06-01T13:32:10.127Z 6: ✅ window.created win2 "Discord"
2024-06-01T13:32:11.704Z 7: ✅ webContents.did-finish-load web2
2024-06-01T13:32:11.802Z 8: window.close win1
2024-06-01T13:32:11.836Z 9: webContents.destroyed web1
2024-06-01T13:32:11.838Z 10: window.closed win1
2024-06-01T13:35:14.509Z 11: window.closed win2
2024-06-01T13:35:14.512Z 12: quit 0
2024-06-01T13:35:39.314Z 0: 

----------------------------------------------
2024-06-01T13:35:39.320Z 1: Discord starting: {"releaseChannel":"stable","version":"0.0.54"}, modulepath: /home/narrow/.config/discord/0.0.54/modules
2024-06-01T13:35:39.324Z 2: ✅ webContents.created web1 ""
2024-06-01T13:35:39.325Z 3: ✅ window.created win1 "discord"
2024-06-01T13:35:39.483Z 4: ✅ webContents.did-finish-load web1
2024-06-01T13:35:39.791Z 5: ✅ webContents.created web2 ""
2024-06-01T13:35:39.794Z 6: ✅ window.created win2 "Discord"
2024-06-01T13:35:41.157Z 7: ✅ webContents.did-finish-load web2
2024-06-01T13:35:41.255Z 8: window.close win1
2024-06-01T13:35:41.281Z 9: webContents.destroyed web1
2024-06-01T13:35:41.283Z 10: window.closed win1
2024-06-01T14:27:53.950Z 11: ✅ webContents.created web3 ""
2024-06-01T14:27:53.961Z 12: ✅ window.created win3 "Discord Popout"
2024-06-01T14:27:54.172Z 13: ✅ webContents.did-finish-load web3
2024-06-01T15:30:39.317Z 14: window.close win3
2024-06-01T15:30:39.328Z 15: webContents.destroyed web3
2024-06-01T15:30:39.340Z 16: window.closed win3
2024-06-01T15:31:15.237Z 17: window.close win2
2024-06-03T14:15:22.094Z 0: 

----------------------------------------------
2024-06-03T14:15:22.105Z 1: Discord starting: {"releaseChannel":"stable","version":"0.0.54"}, modulepath: /home/narrow/.config/discord/0.0.54/modules
2024-06-03T14:15:22.109Z 2: ✅ webContents.created web1 ""
2024-06-03T14:15:22.111Z 3: ✅ window.created win1 "discord"
2024-06-03T14:15:22.313Z 4: ✅ webContents.did-finish-load web1
2024-06-03T14:15:22.615Z 5: ✅ webContents.created web2 ""
2024-06-03T14:15:22.620Z 6: ✅ window.created win2 "Discord"
2024-06-03T14:15:25.161Z 7: ✅ webContents.did-finish-load web2
2024-06-03T14:15:25.261Z 8: window.close win1
2024-06-03T14:15:25.276Z 9: webContents.destroyed web1
2024-06-03T14:15:25.277Z 10: window.closed win1
2024-06-03T14:41:25.778Z 11: window.close win2
